<?xml version="1.0" encoding="UTF-8"?>
<!-- Generated by org.testng.reporters.JUnitReportReporter -->
<testsuite skipped="0" hostname="sar-peo-engg" name="testCases.TestFirstProgram" tests="150" failures="0" timestamp="10 Feb 2020 12:32:45 GMT" time="0.280" errors="0">
  <testcase name="print" time="0.002" classname="testCases.TestFirstProgram"/>
  <testcase name="print" time="0.002" classname="testCases.TestFirstProgram"/>
  <testcase name="print" time="0.001" classname="testCases.TestFirstProgram"/>
  <testcase name="print" time="0.002" classname="testCases.TestFirstProgram"/>
  <testcase name="print" time="0.001" classname="testCases.TestFirstProgram"/>
  <testcase name="print" time="0.000" classname="testCases.TestFirstProgram"/>
  <testcase name="print" time="0.001" classname="testCases.TestFirstProgram"/>
  <testcase name="print" time="0.001" classname="testCases.TestFirstProgram"/>
  <testcase name="print" time="0.000" classname="testCases.TestFirstProgram"/>
  <testcase name="print" time="0.001" classname="testCases.TestFirstProgram"/>
  <testcase name="print" time="0.001" classname="testCases.TestFirstProgram"/>
  <testcase name="print" time="0.000" classname="testCases.TestFirstProgram"/>
  <testcase name="print" time="0.000" classname="testCases.TestFirstProgram"/>
  <testcase name="print" time="0.001" classname="testCases.TestFirstProgram"/>
  <testcase name="print" time="0.001" classname="testCases.TestFirstProgram"/>
  <testcase name="print" time="0.001" classname="testCases.TestFirstProgram"/>
  <testcase name="print" time="0.000" classname="testCases.TestFirstProgram"/>
  <testcase name="print" time="0.001" classname="testCases.TestFirstProgram"/>
  <testcase name="print" time="0.004" classname="testCases.TestFirstProgram"/>
  <testcase name="print" time="0.011" classname="testCases.TestFirstProgram"/>
  <testcase name="print" time="0.001" classname="testCases.TestFirstProgram"/>
  <testcase name="print" time="0.001" classname="testCases.TestFirstProgram"/>
  <testcase name="print" time="0.006" classname="testCases.TestFirstProgram"/>
  <testcase name="print" time="0.001" classname="testCases.TestFirstProgram"/>
  <testcase name="print" time="0.002" classname="testCases.TestFirstProgram"/>
  <testcase name="print" time="0.001" classname="testCases.TestFirstProgram"/>
  <testcase name="print" time="0.001" classname="testCases.TestFirstProgram"/>
  <testcase name="print" time="0.000" classname="testCases.TestFirstProgram"/>
  <testcase name="print" time="0.001" classname="testCases.TestFirstProgram"/>
  <testcase name="print" time="0.001" classname="testCases.TestFirstProgram"/>
  <testcase name="print" time="0.001" classname="testCases.TestFirstProgram"/>
  <testcase name="print" time="0.001" classname="testCases.TestFirstProgram"/>
  <testcase name="print" time="0.002" classname="testCases.TestFirstProgram"/>
  <testcase name="print" time="0.002" classname="testCases.TestFirstProgram"/>
  <testcase name="print" time="0.001" classname="testCases.TestFirstProgram"/>
  <testcase name="print" time="0.002" classname="testCases.TestFirstProgram"/>
  <testcase name="print" time="0.000" classname="testCases.TestFirstProgram"/>
  <testcase name="print" time="0.001" classname="testCases.TestFirstProgram"/>
  <testcase name="print" time="0.001" classname="testCases.TestFirstProgram"/>
  <testcase name="print" time="0.007" classname="testCases.TestFirstProgram"/>
  <testcase name="print" time="0.001" classname="testCases.TestFirstProgram"/>
  <testcase name="print" time="0.001" classname="testCases.TestFirstProgram"/>
  <testcase name="print" time="0.001" classname="testCases.TestFirstProgram"/>
  <testcase name="print" time="0.005" classname="testCases.TestFirstProgram"/>
  <testcase name="print" time="0.001" classname="testCases.TestFirstProgram"/>
  <testcase name="print" time="0.001" classname="testCases.TestFirstProgram"/>
  <testcase name="print" time="0.001" classname="testCases.TestFirstProgram"/>
  <testcase name="print" time="0.001" classname="testCases.TestFirstProgram"/>
  <testcase name="print" time="0.006" classname="testCases.TestFirstProgram"/>
  <testcase name="print" time="0.001" classname="testCases.TestFirstProgram"/>
  <testcase name="print" time="0.003" classname="testCases.TestFirstProgram"/>
  <testcase name="print" time="0.001" classname="testCases.TestFirstProgram"/>
  <testcase name="print" time="0.001" classname="testCases.TestFirstProgram"/>
  <testcase name="print" time="0.001" classname="testCases.TestFirstProgram"/>
  <testcase name="print" time="0.003" classname="testCases.TestFirstProgram"/>
  <testcase name="print" time="0.001" classname="testCases.TestFirstProgram"/>
  <testcase name="print" time="0.007" classname="testCases.TestFirstProgram"/>
  <testcase name="print" time="0.003" classname="testCases.TestFirstProgram"/>
  <testcase name="print" time="0.006" classname="testCases.TestFirstProgram"/>
  <testcase name="print" time="0.001" classname="testCases.TestFirstProgram"/>
  <testcase name="print" time="0.001" classname="testCases.TestFirstProgram"/>
  <testcase name="print" time="0.001" classname="testCases.TestFirstProgram"/>
  <testcase name="print" time="0.001" classname="testCases.TestFirstProgram"/>
  <testcase name="print" time="0.011" classname="testCases.TestFirstProgram"/>
  <testcase name="print" time="0.002" classname="testCases.TestFirstProgram"/>
  <testcase name="print" time="0.001" classname="testCases.TestFirstProgram"/>
  <testcase name="print" time="0.001" classname="testCases.TestFirstProgram"/>
  <testcase name="print" time="0.000" classname="testCases.TestFirstProgram"/>
  <testcase name="print" time="0.001" classname="testCases.TestFirstProgram"/>
  <testcase name="print" time="0.002" classname="testCases.TestFirstProgram"/>
  <testcase name="print" time="0.000" classname="testCases.TestFirstProgram"/>
  <testcase name="print" time="0.000" classname="testCases.TestFirstProgram"/>
  <testcase name="print" time="0.001" classname="testCases.TestFirstProgram"/>
  <testcase name="print" time="0.001" classname="testCases.TestFirstProgram"/>
  <testcase name="print" time="0.013" classname="testCases.TestFirstProgram"/>
  <testcase name="print" time="0.004" classname="testCases.TestFirstProgram"/>
  <testcase name="print" time="0.001" classname="testCases.TestFirstProgram"/>
  <testcase name="print" time="0.003" classname="testCases.TestFirstProgram"/>
  <testcase name="print" time="0.001" classname="testCases.TestFirstProgram"/>
  <testcase name="print" time="0.001" classname="testCases.TestFirstProgram"/>
  <testcase name="print" time="0.001" classname="testCases.TestFirstProgram"/>
  <testcase name="print" time="0.000" classname="testCases.TestFirstProgram"/>
  <testcase name="print" time="0.002" classname="testCases.TestFirstProgram"/>
  <testcase name="print" time="0.001" classname="testCases.TestFirstProgram"/>
  <testcase name="print" time="0.004" classname="testCases.TestFirstProgram"/>
  <testcase name="print" time="0.001" classname="testCases.TestFirstProgram"/>
  <testcase name="print" time="0.000" classname="testCases.TestFirstProgram"/>
  <testcase name="print" time="0.002" classname="testCases.TestFirstProgram"/>
  <testcase name="print" time="0.001" classname="testCases.TestFirstProgram"/>
  <testcase name="print" time="0.001" classname="testCases.TestFirstProgram"/>
  <testcase name="print" time="0.002" classname="testCases.TestFirstProgram"/>
  <testcase name="print" time="0.002" classname="testCases.TestFirstProgram"/>
  <testcase name="print" time="0.001" classname="testCases.TestFirstProgram"/>
  <testcase name="print" time="0.000" classname="testCases.TestFirstProgram"/>
  <testcase name="print" time="0.001" classname="testCases.TestFirstProgram"/>
  <testcase name="print" time="0.001" classname="testCases.TestFirstProgram"/>
  <testcase name="print" time="0.020" classname="testCases.TestFirstProgram"/>
  <testcase name="print" time="0.001" classname="testCases.TestFirstProgram"/>
  <testcase name="print" time="0.001" classname="testCases.TestFirstProgram"/>
  <testcase name="print" time="0.002" classname="testCases.TestFirstProgram"/>
  <testcase name="print" time="0.001" classname="testCases.TestFirstProgram"/>
  <testcase name="print" time="0.001" classname="testCases.TestFirstProgram"/>
  <testcase name="print" time="0.001" classname="testCases.TestFirstProgram"/>
  <testcase name="print" time="0.001" classname="testCases.TestFirstProgram"/>
  <testcase name="print" time="0.001" classname="testCases.TestFirstProgram"/>
  <testcase name="print" time="0.001" classname="testCases.TestFirstProgram"/>
  <testcase name="print" time="0.001" classname="testCases.TestFirstProgram"/>
  <testcase name="print" time="0.000" classname="testCases.TestFirstProgram"/>
  <testcase name="print" time="0.001" classname="testCases.TestFirstProgram"/>
  <testcase name="print" time="0.003" classname="testCases.TestFirstProgram"/>
  <testcase name="print" time="0.001" classname="testCases.TestFirstProgram"/>
  <testcase name="print" time="0.001" classname="testCases.TestFirstProgram"/>
  <testcase name="print" time="0.001" classname="testCases.TestFirstProgram"/>
  <testcase name="print" time="0.002" classname="testCases.TestFirstProgram"/>
  <testcase name="print" time="0.001" classname="testCases.TestFirstProgram"/>
  <testcase name="print" time="0.000" classname="testCases.TestFirstProgram"/>
  <testcase name="print" time="0.004" classname="testCases.TestFirstProgram"/>
  <testcase name="print" time="0.001" classname="testCases.TestFirstProgram"/>
  <testcase name="print" time="0.000" classname="testCases.TestFirstProgram"/>
  <testcase name="print" time="0.007" classname="testCases.TestFirstProgram"/>
  <testcase name="print" time="0.001" classname="testCases.TestFirstProgram"/>
  <testcase name="print" time="0.001" classname="testCases.TestFirstProgram"/>
  <testcase name="print" time="0.000" classname="testCases.TestFirstProgram"/>
  <testcase name="print" time="0.001" classname="testCases.TestFirstProgram"/>
  <testcase name="print" time="0.001" classname="testCases.TestFirstProgram"/>
  <testcase name="print" time="0.013" classname="testCases.TestFirstProgram"/>
  <testcase name="print" time="0.002" classname="testCases.TestFirstProgram"/>
  <testcase name="print" time="0.002" classname="testCases.TestFirstProgram"/>
  <testcase name="print" time="0.001" classname="testCases.TestFirstProgram"/>
  <testcase name="print" time="0.000" classname="testCases.TestFirstProgram"/>
  <testcase name="print" time="0.001" classname="testCases.TestFirstProgram"/>
  <testcase name="print" time="0.001" classname="testCases.TestFirstProgram"/>
  <testcase name="print" time="0.001" classname="testCases.TestFirstProgram"/>
  <testcase name="print" time="0.001" classname="testCases.TestFirstProgram"/>
  <testcase name="print" time="0.002" classname="testCases.TestFirstProgram"/>
  <testcase name="print" time="0.000" classname="testCases.TestFirstProgram"/>
  <testcase name="print" time="0.003" classname="testCases.TestFirstProgram"/>
  <testcase name="print" time="0.000" classname="testCases.TestFirstProgram"/>
  <testcase name="print" time="0.002" classname="testCases.TestFirstProgram"/>
  <testcase name="print" time="0.001" classname="testCases.TestFirstProgram"/>
  <testcase name="print" time="0.001" classname="testCases.TestFirstProgram"/>
  <testcase name="print" time="0.001" classname="testCases.TestFirstProgram"/>
  <testcase name="print" time="0.000" classname="testCases.TestFirstProgram"/>
  <testcase name="print" time="0.000" classname="testCases.TestFirstProgram"/>
  <testcase name="print" time="0.001" classname="testCases.TestFirstProgram"/>
  <testcase name="print" time="0.001" classname="testCases.TestFirstProgram"/>
  <testcase name="print" time="0.000" classname="testCases.TestFirstProgram"/>
  <testcase name="print" time="0.000" classname="testCases.TestFirstProgram"/>
  <testcase name="print" time="0.000" classname="testCases.TestFirstProgram"/>
  <testcase name="print" time="0.013" classname="testCases.TestFirstProgram"/>
</testsuite> <!-- testCases.TestFirstProgram -->
