<?xml version="1.0" encoding="UTF-8"?>
<!-- Generated by org.testng.reporters.JUnitReportReporter -->
<testsuite skipped="0" hostname="sar-peo-engg" name="testCases.Scroll" tests="1" failures="0" timestamp="26 Feb 2020 09:09:17 GMT" time="70.186" errors="0">
  <testcase name="scroll" time="70.186" classname="testCases.Scroll"/>
</testsuite> <!-- testCases.Scroll -->
